
=== Sat Jan  8 22:48:52 2022

Packages were changed.
Update Mode: updateDependencies

The following packages were added:
  com.unity.2d.sprite@1.0.0
  com.unity.2d.tilemap@1.0.0
  com.unity.ide.rider@1.2.1
  com.unity.ide.visualstudio@2.0.12
  com.unity.ide.vscode@1.2.4
  com.unity.modules.androidjni@1.0.0
  com.unity.multiplayer-hlapi@1.0.8
  com.unity.test-framework@1.1.29
  com.unity.timeline@1.2.18
  com.unity.ugui@1.0.0
  com.unity.xr.legacyinputhelpers@2.1.8
The following packages were updated:
  com.unity.2d.pixel-perfect from version 1.0.1-preview to 2.1.0
  com.unity.ads from version 2.0.8 to 3.7.5
  com.unity.analytics from version 3.2.3 to 3.6.12
  com.unity.collab-proxy from version 1.2.15 to 1.14.4
  com.unity.purchasing from version 2.0.3 to 4.1.1
  com.unity.textmeshpro from version 1.4.1 to 2.1.4
The following packages were removed:
  com.unity.package-manager-ui@2.0.13

=== Mon Jul 24 17:44:23 2023

Packages were changed.
Update Mode: updateDependencies

The following packages were added:
  com.unity.ai.navigation@1.1.4
The following packages were updated:
  com.unity.2d.animation from version 3.2.18 to 9.0.3
  com.unity.2d.pixel-perfect from version 2.1.0 to 5.0.3
  com.unity.2d.psdimporter from version 2.1.11 to 8.0.2
  com.unity.ads from version 3.7.5 to 4.4.2
  com.unity.analytics from version 3.6.12 to 3.8.1
  com.unity.collab-proxy from version 1.14.4 to 2.0.5
  com.unity.ide.rider from version 1.2.1 to 3.0.24
  com.unity.ide.visualstudio from version 2.0.12 to 2.0.18
  com.unity.ide.vscode from version 1.2.4 to 1.2.5
  com.unity.purchasing from version 4.1.1 to 4.9.3
  com.unity.test-framework from version 1.1.29 to 1.1.33
  com.unity.textmeshpro from version 2.1.4 to 3.0.6
  com.unity.timeline from version 1.2.18 to 1.7.5
  com.unity.xr.legacyinputhelpers from version 2.1.8 to 2.1.10
The following packages were removed:
  com.unity.2d.ik@2.2.0-preview.1
  com.unity.multiplayer-hlapi@1.0.8
